<?xml version="1.0" encoding="UTF-8"?>
<!-- Generated by org.testng.reporters.JUnitReportReporter -->
<testsuite hostname="LAPTOP-69IOM2S0" failures="0" tests="1" name="com.TestCases.BaseClass" time="5.874" errors="0" timestamp="2022-06-15T15:59:17 IST" skipped="0">
  <testcase classname="com.TestCases.BaseClass" name="enter" time="5.874"/>
  <system-out/>
</testsuite> <!-- com.TestCases.BaseClass -->
